
Start-Date: 2017-02-27  18:20:08
Commandline: apt-get dist-upgrade -y
Upgrade: passwd:amd64 (4.2-3+deb8u1, 4.2-3+deb8u3), login:amd64 (4.2-3+deb8u1, 4.2-3+deb8u3)
End-Date: 2017-02-27  18:20:10

Start-Date: 2017-02-28  17:27:58
Commandline: apt-get install -y autoconf file g++ gcc libc-dev make pkg-config re2c ca-certificates curl libedit2 libsqlite3-0 libxml2 xz-utils --no-install-recommends
Install: libedit2:amd64 (3.1-20140620-2), libisl10:amd64 (0.12.2-2, automatic), libasan1:amd64 (4.9.2-10, automatic), libsasl2-modules-db:amd64 (2.1.26.dfsg1-13+deb8u1, automatic), libquadmath0:amd64 (4.9.2-10, automatic), libmpc3:amd64 (1.0.2-1, automatic), perl:amd64 (5.20.2-3+deb8u6, automatic), make:amd64 (4.0-8.1), libssl1.0.0:amd64 (1.0.1t-1+deb8u6, automatic), libubsan0:amd64 (4.9.2-10, automatic), m4:amd64 (1.4.17-4, automatic), libgnutls-deb0-28:amd64 (3.3.8-6+deb8u4, automatic), libgssapi-krb5-2:amd64 (1.12.1+dfsg-19+deb8u2, automatic), cpp-4.9:amd64 (4.9.2-10, automatic), libstdc++-4.9-dev:amd64 (4.9.2-10, automatic), libgomp1:amd64 (4.9.2-10, automatic), libkrb5-3:amd64 (1.12.1+dfsg-19+deb8u2, automatic), libtsan0:amd64 (4.9.2-10, automatic), libcilkrts5:amd64 (4.9.2-10, automatic), libc-dev-bin:amd64 (2.19-18+deb8u7, automatic), file:amd64 (5.22+15-2+deb8u3), libmagic1:amd64 (5.22+15-2+deb8u3, automatic), libglib2.0-0:amd64 (2.42.1-1+b1, automatic), xz-utils:amd64 (5.1.1alpha+20120614-2+b3), libidn11:amd64 (1.29-1+deb8u2, automatic), curl:amd64 (7.38.0-4+deb8u5), librtmp1:amd64 (2.4+20150115.gita107cef-1, automatic), g++:amd64 (4.9.2-2), libatomic1:amd64 (4.9.2-10, automatic), libldap-2.4-2:amd64 (2.4.40+dfsg-1+deb8u2, automatic), libsqlite3-0:amd64 (3.8.7.1-1+deb8u2), libmpfr4:amd64 (3.1.2-2, automatic), libssh2-1:amd64 (1.4.3-4.1+deb8u1, automatic), libxml2:amd64 (2.9.1+dfsg1-5+deb8u4), g++-4.9:amd64 (4.9.2-10, automatic), binutils:amd64 (2.25-5, automatic), gcc:amd64 (4.9.2-2), perl-modules:amd64 (5.20.2-3+deb8u6, automatic), re2c:amd64 (0.13.5-1), libgmp10:amd64 (6.0.0+dfsg-6, automatic), libgdbm3:amd64 (1.8.3-13.1, automatic), libhogweed2:amd64 (2.7.1-5+deb8u2, automatic), cpp:amd64 (4.9.2-2, automatic), gcc-4.9:amd64 (4.9.2-10, automatic), libp11-kit0:amd64 (0.20.7-1, automatic), ca-certificates:amd64 (20141019+deb8u2), libsigsegv2:amd64 (2.10-4+b1, automatic), libcloog-isl4:amd64 (0.18.2-1+b2, automatic), autoconf:amd64 (2.69-8), libcurl3:amd64 (7.38.0-4+deb8u5, automatic), libnettle4:amd64 (2.7.1-5+deb8u2, automatic), libbsd0:amd64 (0.7.0-2, automatic), libgcc-4.9-dev:amd64 (4.9.2-10, automatic), libsasl2-2:amd64 (2.1.26.dfsg1-13+deb8u1, automatic), openssl:amd64 (1.0.1t-1+deb8u6, automatic), linux-libc-dev:amd64 (3.16.39-1+deb8u1, automatic), liblsan0:amd64 (4.9.2-10, automatic), libtasn1-6:amd64 (4.2-3+deb8u2, automatic), libkeyutils1:amd64 (1.5.9-5+b1, automatic), libitm1:amd64 (4.9.2-10, automatic), libkrb5support0:amd64 (1.12.1+dfsg-19+deb8u2, automatic), libk5crypto3:amd64 (1.12.1+dfsg-19+deb8u2, automatic), libc6-dev:amd64 (2.19-18+deb8u7), pkg-config:amd64 (0.28-1), libffi6:amd64 (3.1-2+b2, automatic)
End-Date: 2017-02-28  17:28:07

Start-Date: 2017-02-28  17:31:37
Commandline: apt-get install -y apache2-bin apache2.2-common --no-install-recommends
Install: mime-support:amd64 (3.58, automatic), apache2-utils:amd64 (2.4.10-10+deb8u8, automatic), liblua5.1-0:amd64 (5.1.5-7.1, automatic), libaprutil1:amd64 (1.5.4-1, automatic), libaprutil1-dbd-sqlite3:amd64 (1.5.4-1, automatic), libaprutil1-ldap:amd64 (1.5.4-1, automatic), apache2-data:amd64 (2.4.10-10+deb8u8, automatic), libapr1:amd64 (1.5.1-3, automatic), libexpat1:amd64 (2.1.0-6+deb8u3, automatic), apache2:amd64 (2.4.10-10+deb8u8, automatic), apache2-bin:amd64 (2.4.10-10+deb8u8), apache2.2-common:amd64 (2.4.10-10+deb8u8)
End-Date: 2017-02-28  17:31:40

Start-Date: 2017-02-28  17:31:52
Commandline: apt-get install -y --no-install-recommends wget
Install: libicu52:amd64 (52.1-8+deb8u4, automatic), libpsl0:amd64 (0.5.1-1, automatic), wget:amd64 (1.16-1+deb8u1)
End-Date: 2017-02-28  17:31:53

Start-Date: 2017-02-28  17:31:55
Commandline: apt-get purge -y --auto-remove wget
Purge: libicu52:amd64 (52.1-8+deb8u4), libpsl0:amd64 (0.5.1-1), wget:amd64 (1.16-1+deb8u1)
End-Date: 2017-02-28  17:31:56

Start-Date: 2017-02-28  17:32:05
Commandline: apt-get install -y apache2-dev libcurl4-openssl-dev libedit-dev libsqlite3-dev libssl-dev libxml2-dev --no-install-recommends
Install: gettext-base:amd64 (0.19.3-2, automatic), libtimedate-perl:amd64 (2.3000-2, automatic), bsdmainutils:amd64 (9.0.6, automatic), libsqlite3-dev:amd64 (3.8.7.1-1+deb8u2), man-db:amd64 (2.7.0.2-5, automatic), zlib1g-dev:amd64 (1.2.8.dfsg-2+b1, automatic), libldap2-dev:amd64 (2.4.40+dfsg-1+deb8u2, automatic), libsctp-dev:amd64 (1.0.16+dfsg-2, automatic), libsctp1:amd64 (1.0.16+dfsg-2, automatic), dpkg-dev:amd64 (1.17.27, automatic), groff-base:amd64 (1.22.2-8, automatic), uuid-dev:amd64 (2.25.2-6, automatic), libpipeline1:amd64 (1.4.0-1, automatic), libexpat1-dev:amd64 (2.1.0-6+deb8u3, automatic), intltool-debian:amd64 (0.35.0+20060710.1, automatic), debhelper:amd64 (9.20150101+deb8u2, automatic), libedit-dev:amd64 (3.1-20140620-2), apache2-dev:amd64 (2.4.10-10+deb8u8), libtinfo-dev:amd64 (5.9+20140913-1+b1, automatic), libbsd-dev:amd64 (0.7.0-2, automatic), patch:amd64 (2.7.5-1, automatic), bzip2:amd64 (1.0.6-7+b3, automatic), libaprutil1-dev:amd64 (1.5.4-1, automatic), libxml2-dev:amd64 (2.9.1+dfsg1-5+deb8u4), libssl-dev:amd64 (1.0.1t-1+deb8u6), libunistring0:amd64 (0.9.3-5.2+b1, automatic), libdpkg-perl:amd64 (1.17.27, automatic), po-debconf:amd64 (1.0.16+nmu3, automatic), libcroco3:amd64 (0.6.8-3+b1, automatic), gettext:amd64 (0.19.3-2, automatic), libasprintf0c2:amd64 (0.19.3-2, automatic), libcurl4-openssl-dev:amd64 (7.38.0-4+deb8u5), libapr1-dev:amd64 (1.5.1-3, automatic)
End-Date: 2017-02-28  17:32:13

Start-Date: 2017-02-28  17:34:05
Commandline: apt-get purge -y --auto-remove -o APT::AutoRemove::RecommendsImportant=false apache2-dev libcurl4-openssl-dev libedit-dev libsqlite3-dev libssl-dev libxml2-dev
Purge: gettext-base:amd64 (0.19.3-2), libtimedate-perl:amd64 (2.3000-2), bsdmainutils:amd64 (9.0.6), libsqlite3-dev:amd64 (3.8.7.1-1+deb8u2), man-db:amd64 (2.7.0.2-5), zlib1g-dev:amd64 (1.2.8.dfsg-2+b1), libldap2-dev:amd64 (2.4.40+dfsg-1+deb8u2), libsctp-dev:amd64 (1.0.16+dfsg-2), libsctp1:amd64 (1.0.16+dfsg-2), dpkg-dev:amd64 (1.17.27), groff-base:amd64 (1.22.2-8), uuid-dev:amd64 (2.25.2-6), libpipeline1:amd64 (1.4.0-1), libexpat1-dev:amd64 (2.1.0-6+deb8u3), intltool-debian:amd64 (0.35.0+20060710.1), debhelper:amd64 (9.20150101+deb8u2), libedit-dev:amd64 (3.1-20140620-2), apache2-dev:amd64 (2.4.10-10+deb8u8), libtinfo-dev:amd64 (5.9+20140913-1+b1), libbsd-dev:amd64 (0.7.0-2), patch:amd64 (2.7.5-1), bzip2:amd64 (1.0.6-7+b3), libaprutil1-dev:amd64 (1.5.4-1), libxml2-dev:amd64 (2.9.1+dfsg1-5+deb8u4), libssl-dev:amd64 (1.0.1t-1+deb8u6), libunistring0:amd64 (0.9.3-5.2+b1), libdpkg-perl:amd64 (1.17.27), po-debconf:amd64 (1.0.16+nmu3), libcroco3:amd64 (0.6.8-3+b1), gettext:amd64 (0.19.3-2), libasprintf0c2:amd64 (0.19.3-2), libcurl4-openssl-dev:amd64 (7.38.0-4+deb8u5), libapr1-dev:amd64 (1.5.1-3)
End-Date: 2017-02-28  17:34:07
