update-alternatives 2017-02-27 18:17:58: run with --quiet --install /usr/bin/awk awk /usr/bin/mawk 5 --slave /usr/share/man/man1/awk.1.gz awk.1.gz /usr/share/man/man1/mawk.1.gz --slave /usr/bin/nawk nawk /usr/bin/mawk --slave /usr/share/man/man1/nawk.1.gz nawk.1.gz /usr/share/man/man1/mawk.1.gz
update-alternatives 2017-02-27 18:17:58: link group awk updated to point to /usr/bin/mawk
update-alternatives 2017-02-27 18:19:22: run with --quiet --install /usr/bin/awk awk /usr/bin/mawk 5 --slave /usr/share/man/man1/awk.1.gz awk.1.gz /usr/share/man/man1/mawk.1.gz --slave /usr/bin/nawk nawk /usr/bin/mawk --slave /usr/share/man/man1/nawk.1.gz nawk.1.gz /usr/share/man/man1/mawk.1.gz
update-alternatives 2017-02-27 18:19:28: run with --install /usr/sbin/rmt rmt /usr/sbin/rmt-tar 50 --slave /usr/share/man/man8/rmt.8.gz rmt.8.gz /usr/share/man/man8/rmt-tar.8.gz
update-alternatives 2017-02-27 18:19:28: link group rmt updated to point to /usr/sbin/rmt-tar
update-alternatives 2017-02-27 18:19:31: run with --install /usr/share/man/man7/builtins.7.gz builtins.7.gz /usr/share/man/man7/bash-builtins.7.gz 10
update-alternatives 2017-02-27 18:19:31: link group builtins.7.gz updated to point to /usr/share/man/man7/bash-builtins.7.gz
update-alternatives 2017-02-27 18:19:37: run with --install /usr/bin/pager pager /bin/more 50 --slave /usr/share/man/man1/pager.1.gz pager.1.gz /usr/share/man/man1/more.1.gz
update-alternatives 2017-02-27 18:19:37: link group pager updated to point to /bin/more
update-alternatives 2017-02-27 18:19:37: run with --install /usr/bin/pager pager /usr/bin/pg 10 --slave /usr/share/man/man1/pager.1.gz pager.1.gz /usr/share/man/man1/pg.1.gz
update-alternatives 2017-02-27 18:19:38: run with --install /usr/bin/w w /usr/bin/w.procps 50 --slave /usr/share/man/man1/w.1.gz w.1.gz /usr/share/man/man1/w.procps.1.gz
update-alternatives 2017-02-27 18:19:38: link group w updated to point to /usr/bin/w.procps
update-alternatives 2017-02-28 17:28:04: run with --install /usr/bin/rename rename /usr/bin/prename 60 --slave /usr/share/man/man1/rename.1.gz rename.1.gz /usr/share/man/man1/prename.1.gz
update-alternatives 2017-02-28 17:28:04: link group rename updated to point to /usr/bin/prename
update-alternatives 2017-02-28 17:28:04: run with --install /usr/bin/lzma lzma /usr/bin/xz 20 --slave /usr/share/man/man1/lzma.1.gz lzma.1.gz /usr/share/man/man1/xz.1.gz --slave /usr/bin/unlzma unlzma /usr/bin/unxz --slave /usr/share/man/man1/unlzma.1.gz unlzma.1.gz /usr/share/man/man1/unxz.1.gz --slave /usr/bin/lzcat lzcat /usr/bin/xzcat --slave /usr/share/man/man1/lzcat.1.gz lzcat.1.gz /usr/share/man/man1/xzcat.1.gz --slave /usr/bin/lzmore lzmore /usr/bin/xzmore --slave /usr/share/man/man1/lzmore.1.gz lzmore.1.gz /usr/share/man/man1/xzmore.1.gz --slave /usr/bin/lzless lzless /usr/bin/xzless --slave /usr/share/man/man1/lzless.1.gz lzless.1.gz /usr/share/man/man1/xzless.1.gz --slave /usr/bin/lzdiff lzdiff /usr/bin/xzdiff --slave /usr/share/man/man1/lzdiff.1.gz lzdiff.1.gz /usr/share/man/man1/xzdiff.1.gz --slave /usr/bin/lzcmp lzcmp /usr/bin/xzcmp --slave /usr/share/man/man1/lzcmp.1.gz lzcmp.1.gz /usr/share/man/man1/xzcmp.1.gz --slave /usr/bin/lzgrep lzgrep /usr/bin/xzgrep --slave /usr/share/man/man1/lzgrep.1.gz lzgrep.1.gz /usr/share/man/man1/xzgrep.1.gz --slave /usr/bin/lzegrep lzegrep /usr/bin/xzegrep --slave /usr/share/man/man1/lzegrep.1.gz lzegrep.1.gz /usr/share/man/man1/xzegrep.1.gz --slave /usr/bin/lzfgrep lzfgrep /usr/bin/xzfgrep --slave /usr/share/man/man1/lzfgrep.1.gz lzfgrep.1.gz /usr/share/man/man1/xzfgrep.1.gz
update-alternatives 2017-02-28 17:28:04: link group lzma updated to point to /usr/bin/xz
update-alternatives 2017-02-28 17:28:05: run with --quiet --install /lib/cpp cpp /usr/bin/cpp 10
update-alternatives 2017-02-28 17:28:05: link group cpp updated to point to /usr/bin/cpp
update-alternatives 2017-02-28 17:28:05: run with --quiet --install /usr/bin/cc cc /usr/bin/gcc 20
update-alternatives 2017-02-28 17:28:05: link group cc updated to point to /usr/bin/gcc
update-alternatives 2017-02-28 17:28:05: run with --quiet --install /usr/bin/c89 c89 /usr/bin/c89-gcc 20 --slave /usr/share/man/man1/c89.1.gz c89.1.gz /usr/share/man/man1/c89-gcc.1.gz
update-alternatives 2017-02-28 17:28:05: link group c89 updated to point to /usr/bin/c89-gcc
update-alternatives 2017-02-28 17:28:05: run with --quiet --install /usr/bin/c99 c99 /usr/bin/c99-gcc 20 --slave /usr/share/man/man1/c99.1.gz c99.1.gz /usr/share/man/man1/c99-gcc.1.gz
update-alternatives 2017-02-28 17:28:05: link group c99 updated to point to /usr/bin/c99-gcc
update-alternatives 2017-02-28 17:28:05: run with --install /usr/bin/c++ c++ /usr/bin/g++ 20
update-alternatives 2017-02-28 17:28:05: link group c++ updated to point to /usr/bin/g++
update-alternatives 2017-02-28 17:32:07: run with --install /usr/bin/write write /usr/bin/bsd-write 100 --slave /usr/share/man/man1/write.1.gz write.1.gz /usr/share/man/man1/bsd-write.1.gz
update-alternatives 2017-02-28 17:32:07: link group write updated to point to /usr/bin/bsd-write
update-alternatives 2017-02-28 17:32:07: run with --install /usr/bin/from from /usr/bin/bsd-from 10 --slave /usr/share/man/man1/from.1.gz from.1.gz /usr/share/man/man1/bsd-from.1.gz
update-alternatives 2017-02-28 17:32:07: link group from updated to point to /usr/bin/bsd-from
update-alternatives 2017-02-28 17:34:06: run with --remove write /usr/bin/bsd-write
update-alternatives 2017-02-28 17:34:06: link group write fully removed
update-alternatives 2017-02-28 17:34:06: run with --remove from /usr/bin/bsd-from
update-alternatives 2017-02-28 17:34:06: link group from fully removed
